
darksocv.o:     file format elf32-littleriscv


Disassembly of section .text:

00000000 <boot>:
   0:	0000002b          	ssst
   4:	000017b7          	lui	a5,0x1
   8:	ff410113          	addi	sp,sp,-12
   c:	00812223          	sw	s0,4(sp)
  10:	2787a403          	lw	s0,632(a5) # 1278 <threads>
  14:	00112423          	sw	ra,8(sp)
  18:	00140713          	addi	a4,s0,1
  1c:	00147413          	andi	s0,s0,1
  20:	03040513          	addi	a0,s0,48
  24:	26e7ac23          	sw	a4,632(a5)
  28:	0a8000ef          	jal	ra,d0 <putchar>
  2c:	800007b7          	lui	a5,0x80000
  30:	00078793          	mv	a5,a5
  34:	00041e63          	bnez	s0,50 <boot+0x50>
  38:	03100713          	li	a4,49
  3c:	00e12023          	sw	a4,0(sp)
  40:	00100713          	li	a4,1
  44:	00e7a623          	sw	a4,12(a5) # 8000000c <io+0xc>
  48:	069000ef          	jal	ra,8b0 <main>
  4c:	ffdff06f          	j	48 <boot+0x48>
  50:	00012703          	lw	a4,0(sp)
  54:	27100693          	li	a3,625
  58:	00e7a623          	sw	a4,12(a5)
  5c:	00068713          	mv	a4,a3
  60:	00000013          	nop
  64:	00000013          	nop
  68:	00000013          	nop
  6c:	00000013          	nop
  70:	fff70713          	addi	a4,a4,-1
  74:	fe0716e3          	bnez	a4,60 <boot+0x60>
  78:	0087d703          	lhu	a4,8(a5)
  7c:	01071713          	slli	a4,a4,0x10
  80:	01075713          	srli	a4,a4,0x10
  84:	00174713          	xori	a4,a4,1
  88:	00e79423          	sh	a4,8(a5)
  8c:	00a7d703          	lhu	a4,10(a5)
  90:	01071713          	slli	a4,a4,0x10
  94:	01075713          	srli	a4,a4,0x10
  98:	00174713          	xori	a4,a4,1
  9c:	00e79523          	sh	a4,10(a5)
  a0:	000781a3          	sb	zero,3(a5)
  a4:	fb9ff06f          	j	5c <boot+0x5c>

000000a8 <getchar>:
  a8:	0000002b          	ssst
  ac:	800007b7          	lui	a5,0x80000
  b0:	00078793          	mv	a5,a5
  b4:	0047c703          	lbu	a4,4(a5) # 80000004 <io+0x4>
  b8:	00277713          	andi	a4,a4,2
  bc:	fe070ce3          	beqz	a4,b4 <getchar+0xc>
  c0:	0057c503          	lbu	a0,5(a5)
  c4:	0ff57513          	andi	a0,a0,255
  c8:	00000057          	ssld
  cc:	00008067          	ret

000000d0 <putchar>:
  d0:	0000002b          	ssst
  d4:	800007b7          	lui	a5,0x80000
  d8:	00a00713          	li	a4,10
  dc:	00078793          	mv	a5,a5
  e0:	00e51c63          	bne	a0,a4,f8 <putchar+0x28>
  e4:	0047c703          	lbu	a4,4(a5) # 80000004 <io+0x4>
  e8:	00177713          	andi	a4,a4,1
  ec:	fe071ce3          	bnez	a4,e4 <putchar+0x14>
  f0:	00d00713          	li	a4,13
  f4:	00e782a3          	sb	a4,5(a5)
  f8:	0047c703          	lbu	a4,4(a5)
  fc:	00177713          	andi	a4,a4,1
 100:	fe071ce3          	bnez	a4,f8 <putchar+0x28>
 104:	0ff57713          	andi	a4,a0,255
 108:	00070513          	mv	a0,a4
 10c:	00e782a3          	sb	a4,5(a5)
 110:	00000057          	ssld
 114:	00008067          	ret

00000118 <gets>:
 118:	0000002b          	ssst
 11c:	fe810113          	addi	sp,sp,-24
 120:	00812823          	sw	s0,16(sp)
 124:	00912623          	sw	s1,12(sp)
 128:	00112a23          	sw	ra,20(sp)
 12c:	00050493          	mv	s1,a0
 130:	00050413          	mv	s0,a0
 134:	fff58713          	addi	a4,a1,-1
 138:	02070063          	beqz	a4,158 <gets+0x40>
 13c:	00b12223          	sw	a1,4(sp)
 140:	00e12023          	sw	a4,0(sp)
 144:	f65ff0ef          	jal	ra,a8 <getchar>
 148:	00a00693          	li	a3,10
 14c:	00012703          	lw	a4,0(sp)
 150:	00412583          	lw	a1,4(sp)
 154:	02d51a63          	bne	a0,a3,188 <gets+0x70>
 158:	00a00513          	li	a0,10
 15c:	f75ff0ef          	jal	ra,d0 <putchar>
 160:	00040023          	sb	zero,0(s0)
 164:	00941463          	bne	s0,s1,16c <gets+0x54>
 168:	00000493          	li	s1,0
 16c:	01012403          	lw	s0,16(sp)
 170:	01412083          	lw	ra,20(sp)
 174:	00048513          	mv	a0,s1
 178:	00c12483          	lw	s1,12(sp)
 17c:	01810113          	addi	sp,sp,24
 180:	00000057          	ssld
 184:	00008067          	ret
 188:	00b12423          	sw	a1,8(sp)
 18c:	00e12223          	sw	a4,4(sp)
 190:	00d00693          	li	a3,13
 194:	00a12023          	sw	a0,0(sp)
 198:	fcd500e3          	beq	a0,a3,158 <gets+0x40>
 19c:	f35ff0ef          	jal	ra,d0 <putchar>
 1a0:	00012783          	lw	a5,0(sp)
 1a4:	00800693          	li	a3,8
 1a8:	00412703          	lw	a4,4(sp)
 1ac:	00812583          	lw	a1,8(sp)
 1b0:	00d79e63          	bne	a5,a3,1cc <gets+0xb4>
 1b4:	00940863          	beq	s0,s1,1c4 <gets+0xac>
 1b8:	fe040fa3          	sb	zero,-1(s0)
 1bc:	00058713          	mv	a4,a1
 1c0:	fff40413          	addi	s0,s0,-1
 1c4:	00070593          	mv	a1,a4
 1c8:	f6dff06f          	j	134 <gets+0x1c>
 1cc:	00f40023          	sb	a5,0(s0)
 1d0:	00140413          	addi	s0,s0,1
 1d4:	ff1ff06f          	j	1c4 <gets+0xac>

000001d8 <putstr>:
 1d8:	0000002b          	ssst
 1dc:	ff810113          	addi	sp,sp,-8
 1e0:	00812023          	sw	s0,0(sp)
 1e4:	00112223          	sw	ra,4(sp)
 1e8:	00050413          	mv	s0,a0
 1ec:	00051663          	bnez	a0,1f8 <putstr+0x20>
 1f0:	00001437          	lui	s0,0x1
 1f4:	08c40413          	addi	s0,s0,140 # 108c <board_name+0x8c>
 1f8:	00044503          	lbu	a0,0(s0)
 1fc:	00051c63          	bnez	a0,214 <putstr+0x3c>
 200:	00012403          	lw	s0,0(sp)
 204:	00412083          	lw	ra,4(sp)
 208:	00810113          	addi	sp,sp,8
 20c:	00000057          	ssld
 210:	00008067          	ret
 214:	00140413          	addi	s0,s0,1
 218:	eb9ff0ef          	jal	ra,d0 <putchar>
 21c:	fddff06f          	j	1f8 <putstr+0x20>

00000220 <puts>:
 220:	0000002b          	ssst
 224:	ffc10113          	addi	sp,sp,-4
 228:	00112023          	sw	ra,0(sp)
 22c:	fadff0ef          	jal	ra,1d8 <putstr>
 230:	00012083          	lw	ra,0(sp)
 234:	00a00513          	li	a0,10
 238:	00410113          	addi	sp,sp,4
 23c:	e95ff06f          	j	d0 <putchar>

00000240 <putdx>:
 240:	0000002b          	ssst
 244:	fac10113          	addi	sp,sp,-84
 248:	00b12023          	sw	a1,0(sp)
 24c:	000015b7          	lui	a1,0x1
 250:	04812623          	sw	s0,76(sp)
 254:	04912423          	sw	s1,72(sp)
 258:	02c00613          	li	a2,44
 25c:	0a858493          	addi	s1,a1,168 # 10a8 <board_name+0xa8>
 260:	00050413          	mv	s0,a0
 264:	0a858593          	addi	a1,a1,168
 268:	01c10513          	addi	a0,sp,28
 26c:	04112823          	sw	ra,80(sp)
 270:	224000ef          	jal	ra,494 <memcpy>
 274:	01400613          	li	a2,20
 278:	02c48593          	addi	a1,s1,44
 27c:	00810513          	addi	a0,sp,8
 280:	214000ef          	jal	ra,494 <memcpy>
 284:	00012703          	lw	a4,0(sp)
 288:	00810793          	addi	a5,sp,8
 28c:	00070463          	beqz	a4,294 <putdx+0x54>
 290:	01c10793          	addi	a5,sp,28
 294:	01800493          	li	s1,24
 298:	0007a583          	lw	a1,0(a5)
 29c:	00059e63          	bnez	a1,2b8 <putdx+0x78>
 2a0:	04c12403          	lw	s0,76(sp)
 2a4:	05012083          	lw	ra,80(sp)
 2a8:	04812483          	lw	s1,72(sp)
 2ac:	05410113          	addi	sp,sp,84
 2b0:	00000057          	ssld
 2b4:	00008067          	ret
 2b8:	00100713          	li	a4,1
 2bc:	00e58463          	beq	a1,a4,2c4 <putdx+0x84>
 2c0:	04b46063          	bltu	s0,a1,300 <putdx+0xc0>
 2c4:	00012683          	lw	a3,0(sp)
 2c8:	00001737          	lui	a4,0x1
 2cc:	00f12223          	sw	a5,4(sp)
 2d0:	09470713          	addi	a4,a4,148 # 1094 <board_name+0x94>
 2d4:	02068c63          	beqz	a3,30c <putdx+0xcc>
 2d8:	00040513          	mv	a0,s0
 2dc:	478000ef          	jal	ra,754 <__udivsi3>
 2e0:	00a00593          	li	a1,10
 2e4:	47c000ef          	jal	ra,760 <__umodsi3>
 2e8:	000017b7          	lui	a5,0x1
 2ec:	09478713          	addi	a4,a5,148 # 1094 <board_name+0x94>
 2f0:	00a70733          	add	a4,a4,a0
 2f4:	00074503          	lbu	a0,0(a4)
 2f8:	dd9ff0ef          	jal	ra,d0 <putchar>
 2fc:	00412783          	lw	a5,4(sp)
 300:	ff848493          	addi	s1,s1,-8
 304:	00478793          	addi	a5,a5,4
 308:	f91ff06f          	j	298 <putdx+0x58>
 30c:	00448693          	addi	a3,s1,4
 310:	00d456b3          	srl	a3,s0,a3
 314:	00f6f693          	andi	a3,a3,15
 318:	00d706b3          	add	a3,a4,a3
 31c:	0006c503          	lbu	a0,0(a3)
 320:	db1ff0ef          	jal	ra,d0 <putchar>
 324:	00945533          	srl	a0,s0,s1
 328:	00f57513          	andi	a0,a0,15
 32c:	fbdff06f          	j	2e8 <putdx+0xa8>

00000330 <putx>:
 330:	0000002b          	ssst
 334:	00000593          	li	a1,0
 338:	f09ff06f          	j	240 <putdx>

0000033c <putd>:
 33c:	0000002b          	ssst
 340:	00100593          	li	a1,1
 344:	efdff06f          	j	240 <putdx>

00000348 <printf>:
 348:	0000002b          	ssst
 34c:	fdc10113          	addi	sp,sp,-36
 350:	02f12023          	sw	a5,32(sp)
 354:	01010793          	addi	a5,sp,16
 358:	00812423          	sw	s0,8(sp)
 35c:	00112623          	sw	ra,12(sp)
 360:	00912223          	sw	s1,4(sp)
 364:	00050413          	mv	s0,a0
 368:	00b12823          	sw	a1,16(sp)
 36c:	00c12a23          	sw	a2,20(sp)
 370:	00d12c23          	sw	a3,24(sp)
 374:	00e12e23          	sw	a4,28(sp)
 378:	00f12023          	sw	a5,0(sp)
 37c:	00044503          	lbu	a0,0(s0)
 380:	00051e63          	bnez	a0,39c <printf+0x54>
 384:	00812403          	lw	s0,8(sp)
 388:	00c12083          	lw	ra,12(sp)
 38c:	00412483          	lw	s1,4(sp)
 390:	02410113          	addi	sp,sp,36
 394:	00000057          	ssld
 398:	00008067          	ret
 39c:	02500793          	li	a5,37
 3a0:	00140493          	addi	s1,s0,1
 3a4:	06f51a63          	bne	a0,a5,418 <printf+0xd0>
 3a8:	00144503          	lbu	a0,1(s0)
 3ac:	07300793          	li	a5,115
 3b0:	02f51063          	bne	a0,a5,3d0 <printf+0x88>
 3b4:	00012783          	lw	a5,0(sp)
 3b8:	0007a503          	lw	a0,0(a5)
 3bc:	00478713          	addi	a4,a5,4
 3c0:	00e12023          	sw	a4,0(sp)
 3c4:	e15ff0ef          	jal	ra,1d8 <putstr>
 3c8:	00148413          	addi	s0,s1,1
 3cc:	fb1ff06f          	j	37c <printf+0x34>
 3d0:	07800793          	li	a5,120
 3d4:	00f51e63          	bne	a0,a5,3f0 <printf+0xa8>
 3d8:	00012783          	lw	a5,0(sp)
 3dc:	0007a503          	lw	a0,0(a5)
 3e0:	00478713          	addi	a4,a5,4
 3e4:	00e12023          	sw	a4,0(sp)
 3e8:	f49ff0ef          	jal	ra,330 <putx>
 3ec:	fddff06f          	j	3c8 <printf+0x80>
 3f0:	06400793          	li	a5,100
 3f4:	00f51e63          	bne	a0,a5,410 <printf+0xc8>
 3f8:	00012783          	lw	a5,0(sp)
 3fc:	0007a503          	lw	a0,0(a5)
 400:	00478713          	addi	a4,a5,4
 404:	00e12023          	sw	a4,0(sp)
 408:	f35ff0ef          	jal	ra,33c <putd>
 40c:	fbdff06f          	j	3c8 <printf+0x80>
 410:	cc1ff0ef          	jal	ra,d0 <putchar>
 414:	fb5ff06f          	j	3c8 <printf+0x80>
 418:	cb9ff0ef          	jal	ra,d0 <putchar>
 41c:	00040493          	mv	s1,s0
 420:	fa9ff06f          	j	3c8 <printf+0x80>

00000424 <strncmp>:
 424:	0000002b          	ssst
 428:	fff60613          	addi	a2,a2,-1
 42c:	00000793          	li	a5,0
 430:	00f50733          	add	a4,a0,a5
 434:	00074683          	lbu	a3,0(a4)
 438:	00f58733          	add	a4,a1,a5
 43c:	00074703          	lbu	a4,0(a4)
 440:	00c78a63          	beq	a5,a2,454 <strncmp+0x30>
 444:	00068863          	beqz	a3,454 <strncmp+0x30>
 448:	00070663          	beqz	a4,454 <strncmp+0x30>
 44c:	00178793          	addi	a5,a5,1
 450:	fee680e3          	beq	a3,a4,430 <strncmp+0xc>
 454:	40e68533          	sub	a0,a3,a4
 458:	00000057          	ssld
 45c:	00008067          	ret

00000460 <strcmp>:
 460:	0000002b          	ssst
 464:	fff00613          	li	a2,-1
 468:	fbdff06f          	j	424 <strncmp>

0000046c <strlen>:
 46c:	0000002b          	ssst
 470:	00050793          	mv	a5,a0
 474:	00000513          	li	a0,0
 478:	00a78733          	add	a4,a5,a0
 47c:	00074703          	lbu	a4,0(a4)
 480:	00071663          	bnez	a4,48c <strlen+0x20>
 484:	00000057          	ssld
 488:	00008067          	ret
 48c:	00150513          	addi	a0,a0,1
 490:	fe9ff06f          	j	478 <strlen+0xc>

00000494 <memcpy>:
 494:	0000002b          	ssst
 498:	00000793          	li	a5,0
 49c:	00c79663          	bne	a5,a2,4a8 <memcpy+0x14>
 4a0:	00000057          	ssld
 4a4:	00008067          	ret
 4a8:	00f58733          	add	a4,a1,a5
 4ac:	00074683          	lbu	a3,0(a4)
 4b0:	00f50733          	add	a4,a0,a5
 4b4:	00178793          	addi	a5,a5,1
 4b8:	00d70023          	sb	a3,0(a4)
 4bc:	fe1ff06f          	j	49c <memcpy+0x8>

000004c0 <memset>:
 4c0:	0000002b          	ssst
 4c4:	00c50633          	add	a2,a0,a2
 4c8:	00050793          	mv	a5,a0
 4cc:	00c79663          	bne	a5,a2,4d8 <memset+0x18>
 4d0:	00000057          	ssld
 4d4:	00008067          	ret
 4d8:	00178793          	addi	a5,a5,1
 4dc:	feb78fa3          	sb	a1,-1(a5)
 4e0:	fedff06f          	j	4cc <memset+0xc>

000004e4 <strtok>:
 4e4:	0000002b          	ssst
 4e8:	fec10113          	addi	sp,sp,-20
 4ec:	00812623          	sw	s0,12(sp)
 4f0:	00050413          	mv	s0,a0
 4f4:	00058513          	mv	a0,a1
 4f8:	00b12023          	sw	a1,0(sp)
 4fc:	00112823          	sw	ra,16(sp)
 500:	00912423          	sw	s1,8(sp)
 504:	f69ff0ef          	jal	ra,46c <strlen>
 508:	00012583          	lw	a1,0(sp)
 50c:	00050613          	mv	a2,a0
 510:	00041863          	bnez	s0,520 <strtok+0x3c>
 514:	000017b7          	lui	a5,0x1
 518:	27c7a403          	lw	s0,636(a5) # 127c <nxt.1625>
 51c:	04040463          	beqz	s0,564 <strtok+0x80>
 520:	00040493          	mv	s1,s0
 524:	0004c783          	lbu	a5,0(s1)
 528:	00079863          	bnez	a5,538 <strtok+0x54>
 52c:	000017b7          	lui	a5,0x1
 530:	2607ae23          	sw	zero,636(a5) # 127c <nxt.1625>
 534:	0300006f          	j	564 <strtok+0x80>
 538:	00048513          	mv	a0,s1
 53c:	00c12223          	sw	a2,4(sp)
 540:	00b12023          	sw	a1,0(sp)
 544:	ee1ff0ef          	jal	ra,424 <strncmp>
 548:	00012583          	lw	a1,0(sp)
 54c:	00412603          	lw	a2,4(sp)
 550:	00148793          	addi	a5,s1,1
 554:	02051663          	bnez	a0,580 <strtok+0x9c>
 558:	00001737          	lui	a4,0x1
 55c:	00048023          	sb	zero,0(s1)
 560:	26f72e23          	sw	a5,636(a4) # 127c <nxt.1625>
 564:	00040513          	mv	a0,s0
 568:	00c12403          	lw	s0,12(sp)
 56c:	01012083          	lw	ra,16(sp)
 570:	00812483          	lw	s1,8(sp)
 574:	01410113          	addi	sp,sp,20
 578:	00000057          	ssld
 57c:	00008067          	ret
 580:	00078493          	mv	s1,a5
 584:	fa1ff06f          	j	524 <strtok+0x40>

00000588 <atoi>:
 588:	0000002b          	ssst
 58c:	00050693          	mv	a3,a0
 590:	00000613          	li	a2,0
 594:	00000513          	li	a0,0
 598:	02d00593          	li	a1,45
 59c:	00069c63          	bnez	a3,5b4 <atoi+0x2c>
 5a0:	02061e63          	bnez	a2,5dc <atoi+0x54>
 5a4:	00000057          	ssld
 5a8:	00008067          	ret
 5ac:	00100613          	li	a2,1
 5b0:	0240006f          	j	5d4 <atoi+0x4c>
 5b4:	0006c783          	lbu	a5,0(a3)
 5b8:	fe0784e3          	beqz	a5,5a0 <atoi+0x18>
 5bc:	feb788e3          	beq	a5,a1,5ac <atoi+0x24>
 5c0:	fd078793          	addi	a5,a5,-48
 5c4:	00351713          	slli	a4,a0,0x3
 5c8:	00e78733          	add	a4,a5,a4
 5cc:	00151793          	slli	a5,a0,0x1
 5d0:	00f70533          	add	a0,a4,a5
 5d4:	00168693          	addi	a3,a3,1
 5d8:	fc5ff06f          	j	59c <atoi+0x14>
 5dc:	40a00533          	neg	a0,a0
 5e0:	fc5ff06f          	j	5a4 <atoi+0x1c>

000005e4 <xtoi>:
 5e4:	0000002b          	ssst
 5e8:	00050713          	mv	a4,a0
 5ec:	03900693          	li	a3,57
 5f0:	00000513          	li	a0,0
 5f4:	00070663          	beqz	a4,600 <xtoi+0x1c>
 5f8:	00074783          	lbu	a5,0(a4)
 5fc:	00079663          	bnez	a5,608 <xtoi+0x24>
 600:	00000057          	ssld
 604:	00008067          	ret
 608:	00451513          	slli	a0,a0,0x4
 60c:	00f6ea63          	bltu	a3,a5,620 <xtoi+0x3c>
 610:	fd078793          	addi	a5,a5,-48
 614:	00a78533          	add	a0,a5,a0
 618:	00170713          	addi	a4,a4,1
 61c:	fd9ff06f          	j	5f4 <xtoi+0x10>
 620:	05f7f793          	andi	a5,a5,95
 624:	fc978793          	addi	a5,a5,-55
 628:	fedff06f          	j	614 <xtoi+0x30>

0000062c <mac>:
 62c:	0000002b          	ssst
 630:	857f                	0x857f
 632:	00c5                	addi	ra,ra,17
 634:	00000057          	ssld
 638:	00008067          	ret

0000063c <mod>:
 63c:	0000002b          	ssst
 640:	857e                	mv	a0,t6
 642:	00c5                	addi	ra,ra,17
 644:	00000057          	ssld
 648:	00008067          	ret

0000064c <__umulsi3>:
 64c:	0000002b          	ssst
 650:	00050793          	mv	a5,a0
 654:	04b56263          	bltu	a0,a1,698 <__umulsi3+0x4c>
 658:	00000513          	li	a0,0
 65c:	02058a63          	beqz	a1,690 <__umulsi3+0x44>
 660:	0015f713          	andi	a4,a1,1
 664:	00070463          	beqz	a4,66c <__umulsi3+0x20>
 668:	00f50533          	add	a0,a0,a5
 66c:	00179793          	slli	a5,a5,0x1
 670:	0015d593          	srli	a1,a1,0x1
 674:	fe9ff06f          	j	65c <__umulsi3+0x10>
 678:	0017f713          	andi	a4,a5,1
 67c:	00070463          	beqz	a4,684 <__umulsi3+0x38>
 680:	00b50533          	add	a0,a0,a1
 684:	0017d793          	srli	a5,a5,0x1
 688:	00159593          	slli	a1,a1,0x1
 68c:	fe0796e3          	bnez	a5,678 <__umulsi3+0x2c>
 690:	00000057          	ssld
 694:	00008067          	ret
 698:	00000513          	li	a0,0
 69c:	ff1ff06f          	j	68c <__umulsi3+0x40>

000006a0 <__mulsi3>:
 6a0:	0000002b          	ssst
 6a4:	ff410113          	addi	sp,sp,-12
 6a8:	00912023          	sw	s1,0(sp)
 6ac:	00112423          	sw	ra,8(sp)
 6b0:	00812223          	sw	s0,4(sp)
 6b4:	00000493          	li	s1,0
 6b8:	00055663          	bgez	a0,6c4 <__mulsi3+0x24>
 6bc:	40a00533          	neg	a0,a0
 6c0:	00100493          	li	s1,1
 6c4:	00000413          	li	s0,0
 6c8:	0005d663          	bgez	a1,6d4 <__mulsi3+0x34>
 6cc:	40b005b3          	neg	a1,a1
 6d0:	00100413          	li	s0,1
 6d4:	f79ff0ef          	jal	ra,64c <__umulsi3>
 6d8:	00848463          	beq	s1,s0,6e0 <__mulsi3+0x40>
 6dc:	40a00533          	neg	a0,a0
 6e0:	00412403          	lw	s0,4(sp)
 6e4:	00812083          	lw	ra,8(sp)
 6e8:	00012483          	lw	s1,0(sp)
 6ec:	00c10113          	addi	sp,sp,12
 6f0:	00000057          	ssld
 6f4:	00008067          	ret

000006f8 <__udiv_umod_si3>:
 6f8:	0000002b          	ssst
 6fc:	00050793          	mv	a5,a0
 700:	00100713          	li	a4,1
 704:	00058513          	mv	a0,a1
 708:	00059a63          	bnez	a1,71c <__udiv_umod_si3+0x24>
 70c:	00000057          	ssld
 710:	00008067          	ret
 714:	00171713          	slli	a4,a4,0x1
 718:	00151513          	slli	a0,a0,0x1
 71c:	fef56ce3          	bltu	a0,a5,714 <__udiv_umod_si3+0x1c>
 720:	00050693          	mv	a3,a0
 724:	00000513          	li	a0,0
 728:	00078463          	beqz	a5,730 <__udiv_umod_si3+0x38>
 72c:	00071863          	bnez	a4,73c <__udiv_umod_si3+0x44>
 730:	fc061ee3          	bnez	a2,70c <__udiv_umod_si3+0x14>
 734:	00078513          	mv	a0,a5
 738:	fd5ff06f          	j	70c <__udiv_umod_si3+0x14>
 73c:	00d7e663          	bltu	a5,a3,748 <__udiv_umod_si3+0x50>
 740:	40d787b3          	sub	a5,a5,a3
 744:	00e50533          	add	a0,a0,a4
 748:	00175713          	srli	a4,a4,0x1
 74c:	0016d693          	srli	a3,a3,0x1
 750:	fd9ff06f          	j	728 <__udiv_umod_si3+0x30>

00000754 <__udivsi3>:
 754:	0000002b          	ssst
 758:	00100613          	li	a2,1
 75c:	f9dff06f          	j	6f8 <__udiv_umod_si3>

00000760 <__umodsi3>:
 760:	0000002b          	ssst
 764:	00000613          	li	a2,0
 768:	f91ff06f          	j	6f8 <__udiv_umod_si3>

0000076c <__div_mod_si3>:
 76c:	08058263          	beqz	a1,7f0 <__div_mod_si3+0x84>
 770:	0000002b          	ssst
 774:	ff010113          	addi	sp,sp,-16
 778:	00812423          	sw	s0,8(sp)
 77c:	00912223          	sw	s1,4(sp)
 780:	00112623          	sw	ra,12(sp)
 784:	00060413          	mv	s0,a2
 788:	00000493          	li	s1,0
 78c:	00055663          	bgez	a0,798 <__div_mod_si3+0x2c>
 790:	40a00533          	neg	a0,a0
 794:	00100493          	li	s1,1
 798:	00000793          	li	a5,0
 79c:	0005d663          	bgez	a1,7a8 <__div_mod_si3+0x3c>
 7a0:	40b005b3          	neg	a1,a1
 7a4:	00100793          	li	a5,1
 7a8:	00040613          	mv	a2,s0
 7ac:	00f12023          	sw	a5,0(sp)
 7b0:	f49ff0ef          	jal	ra,6f8 <__udiv_umod_si3>
 7b4:	00050593          	mv	a1,a0
 7b8:	02040663          	beqz	s0,7e4 <__div_mod_si3+0x78>
 7bc:	00012783          	lw	a5,0(sp)
 7c0:	00f48463          	beq	s1,a5,7c8 <__div_mod_si3+0x5c>
 7c4:	40a005b3          	neg	a1,a0
 7c8:	00812403          	lw	s0,8(sp)
 7cc:	00c12083          	lw	ra,12(sp)
 7d0:	00412483          	lw	s1,4(sp)
 7d4:	00058513          	mv	a0,a1
 7d8:	01010113          	addi	sp,sp,16
 7dc:	00000057          	ssld
 7e0:	00008067          	ret
 7e4:	fe0482e3          	beqz	s1,7c8 <__div_mod_si3+0x5c>
 7e8:	40a005b3          	neg	a1,a0
 7ec:	fddff06f          	j	7c8 <__div_mod_si3+0x5c>
 7f0:	00058513          	mv	a0,a1
 7f4:	00008067          	ret

000007f8 <__divsi3>:
 7f8:	0000002b          	ssst
 7fc:	00100613          	li	a2,1
 800:	f6dff06f          	j	76c <__div_mod_si3>

00000804 <__modsi3>:
 804:	0000002b          	ssst
 808:	00000613          	li	a2,0
 80c:	f61ff06f          	j	76c <__div_mod_si3>

00000810 <test_call>:
 810:	0000002b          	ssst
 814:	0000002b          	ssst
 818:	0002c0b7          	lui	ra,0x2c
 81c:	00000057          	ssld
 820:	00000057          	ssld
 824:	00008067          	ret

00000828 <banner>:
 828:	0000002b          	ssst
 82c:	ee010113          	addi	sp,sp,-288
 830:	000015b7          	lui	a1,0x1
 834:	10d00613          	li	a2,269
 838:	16858593          	addi	a1,a1,360 # 1168 <board_name+0x168>
 83c:	00410513          	addi	a0,sp,4
 840:	10112e23          	sw	ra,284(sp)
 844:	10812c23          	sw	s0,280(sp)
 848:	10912a23          	sw	s1,276(sp)
 84c:	c49ff0ef          	jal	ra,494 <memcpy>
 850:	00001537          	lui	a0,0x1
 854:	16050513          	addi	a0,a0,352 # 1160 <board_name+0x160>
 858:	af1ff0ef          	jal	ra,348 <printf>
 85c:	00a00513          	li	a0,10
 860:	871ff0ef          	jal	ra,d0 <putchar>
 864:	00410413          	addi	s0,sp,4
 868:	00044783          	lbu	a5,0(s0)
 86c:	00079e63          	bnez	a5,888 <banner+0x60>
 870:	11812403          	lw	s0,280(sp)
 874:	11c12083          	lw	ra,284(sp)
 878:	11412483          	lw	s1,276(sp)
 87c:	12010113          	addi	sp,sp,288
 880:	00000057          	ssld
 884:	00008067          	ret
 888:	00144483          	lbu	s1,1(s0)
 88c:	00240413          	addi	s0,s0,2
 890:	fff48493          	addi	s1,s1,-1
 894:	fff00713          	li	a4,-1
 898:	fce488e3          	beq	s1,a4,868 <banner+0x40>
 89c:	00078513          	mv	a0,a5
 8a0:	00f12023          	sw	a5,0(sp)
 8a4:	82dff0ef          	jal	ra,d0 <putchar>
 8a8:	00012783          	lw	a5,0(sp)
 8ac:	fe5ff06f          	j	890 <banner+0x68>

Disassembly of section .text.startup:

000008b0 <main>:
 8b0:	0000002b          	ssst
 8b4:	00001537          	lui	a0,0x1
 8b8:	f8c10113          	addi	sp,sp,-116
 8bc:	0e850513          	addi	a0,a0,232 # 10e8 <board_name+0xe8>
 8c0:	06912423          	sw	s1,104(sp)
 8c4:	06112823          	sw	ra,112(sp)
 8c8:	06812623          	sw	s0,108(sp)
 8cc:	90dff0ef          	jal	ra,1d8 <putstr>
 8d0:	000017b7          	lui	a5,0x1
 8d4:	2607ac23          	sw	zero,632(a5) # 1278 <threads>
 8d8:	000014b7          	lui	s1,0x1
 8dc:	04000613          	li	a2,64
 8e0:	00000593          	li	a1,0
 8e4:	02810513          	addi	a0,sp,40
 8e8:	bd9ff0ef          	jal	ra,4c0 <memset>
 8ec:	04000593          	li	a1,64
 8f0:	02810513          	addi	a0,sp,40
 8f4:	825ff0ef          	jal	ra,118 <gets>
 8f8:	00000413          	li	s0,0
 8fc:	02810513          	addi	a0,sp,40
 900:	0f848593          	addi	a1,s1,248 # 10f8 <board_name+0xf8>
 904:	be1ff0ef          	jal	ra,4e4 <strtok>
 908:	00241793          	slli	a5,s0,0x2
 90c:	06810713          	addi	a4,sp,104
 910:	00f707b3          	add	a5,a4,a5
 914:	faa7a023          	sw	a0,-96(a5)
 918:	00050a63          	beqz	a0,92c <main+0x7c>
 91c:	00140413          	addi	s0,s0,1
 920:	00800793          	li	a5,8
 924:	00000513          	li	a0,0
 928:	fcf41ce3          	bne	s0,a5,900 <main+0x50>
 92c:	00812403          	lw	s0,8(sp)
 930:	fa0406e3          	beqz	s0,8dc <main+0x2c>
 934:	000015b7          	lui	a1,0x1
 938:	0fc58593          	addi	a1,a1,252 # 10fc <board_name+0xfc>
 93c:	00040513          	mv	a0,s0
 940:	b21ff0ef          	jal	ra,460 <strcmp>
 944:	f8050ce3          	beqz	a0,8dc <main+0x2c>
 948:	000015b7          	lui	a1,0x1
 94c:	10458593          	addi	a1,a1,260 # 1104 <board_name+0x104>
 950:	00040513          	mv	a0,s0
 954:	b0dff0ef          	jal	ra,460 <strcmp>
 958:	00051663          	bnez	a0,964 <main+0xb4>
 95c:	ecdff0ef          	jal	ra,828 <banner>
 960:	f7dff06f          	j	8dc <main+0x2c>
 964:	000015b7          	lui	a1,0x1
 968:	10c58593          	addi	a1,a1,268 # 110c <board_name+0x10c>
 96c:	00040513          	mv	a0,s0
 970:	af1ff0ef          	jal	ra,460 <strcmp>
 974:	06051a63          	bnez	a0,9e8 <main+0x138>
 978:	00c12403          	lw	s0,12(sp)
 97c:	00040863          	beqz	s0,98c <main+0xdc>
 980:	00040513          	mv	a0,s0
 984:	c61ff0ef          	jal	ra,5e4 <xtoi>
 988:	00050413          	mv	s0,a0
 98c:	10040793          	addi	a5,s0,256
 990:	00f12023          	sw	a5,0(sp)
 994:	04c0006f          	j	9e0 <main+0x130>
 998:	00e406b3          	add	a3,s0,a4
 99c:	0006c503          	lbu	a0,0(a3)
 9a0:	05e00613          	li	a2,94
 9a4:	fe050693          	addi	a3,a0,-32
 9a8:	0ff6f693          	andi	a3,a3,255
 9ac:	00d67463          	bgeu	a2,a3,9b4 <main+0x104>
 9b0:	02e00513          	li	a0,46
 9b4:	00e12223          	sw	a4,4(sp)
 9b8:	f18ff0ef          	jal	ra,d0 <putchar>
 9bc:	00412703          	lw	a4,4(sp)
 9c0:	01000693          	li	a3,16
 9c4:	00170713          	addi	a4,a4,1
 9c8:	fcd718e3          	bne	a4,a3,998 <main+0xe8>
 9cc:	00a00513          	li	a0,10
 9d0:	f00ff0ef          	jal	ra,d0 <putchar>
 9d4:	00012783          	lw	a5,0(sp)
 9d8:	01040413          	addi	s0,s0,16
 9dc:	f08780e3          	beq	a5,s0,8dc <main+0x2c>
 9e0:	00000713          	li	a4,0
 9e4:	fb5ff06f          	j	998 <main+0xe8>
 9e8:	000015b7          	lui	a1,0x1
 9ec:	00200613          	li	a2,2
 9f0:	11458593          	addi	a1,a1,276 # 1114 <board_name+0x114>
 9f4:	00040513          	mv	a0,s0
 9f8:	a2dff0ef          	jal	ra,424 <strncmp>
 9fc:	00050e63          	beqz	a0,a18 <main+0x168>
 a00:	000015b7          	lui	a1,0x1
 a04:	00200613          	li	a2,2
 a08:	11858593          	addi	a1,a1,280 # 1118 <board_name+0x118>
 a0c:	00040513          	mv	a0,s0
 a10:	a15ff0ef          	jal	ra,424 <strncmp>
 a14:	06051a63          	bnez	a0,a88 <main+0x1d8>
 a18:	00244703          	lbu	a4,2(s0)
 a1c:	06d00793          	li	a5,109
 a20:	04f71e63          	bne	a4,a5,a7c <main+0x1cc>
 a24:	00c12503          	lw	a0,12(sp)
 a28:	bbdff0ef          	jal	ra,5e4 <xtoi>
 a2c:	00050713          	mv	a4,a0
 a30:	00200793          	li	a5,2
 a34:	fff70713          	addi	a4,a4,-1
 a38:	fff00693          	li	a3,-1
 a3c:	ead700e3          	beq	a4,a3,8dc <main+0x2c>
 a40:	00044603          	lbu	a2,0(s0)
 a44:	07200693          	li	a3,114
 a48:	fed606e3          	beq	a2,a3,a34 <main+0x184>
 a4c:	00178693          	addi	a3,a5,1
 a50:	00e12223          	sw	a4,4(sp)
 a54:	00279793          	slli	a5,a5,0x2
 a58:	06810713          	addi	a4,sp,104
 a5c:	00f707b3          	add	a5,a4,a5
 a60:	fa07a503          	lw	a0,-96(a5)
 a64:	00d12023          	sw	a3,0(sp)
 a68:	b7dff0ef          	jal	ra,5e4 <xtoi>
 a6c:	00012683          	lw	a3,0(sp)
 a70:	00412703          	lw	a4,4(sp)
 a74:	00068793          	mv	a5,a3
 a78:	fbdff06f          	j	a34 <main+0x184>
 a7c:	00100793          	li	a5,1
 a80:	00100713          	li	a4,1
 a84:	fb1ff06f          	j	a34 <main+0x184>
 a88:	000015b7          	lui	a1,0x1
 a8c:	11c58593          	addi	a1,a1,284 # 111c <board_name+0x11c>
 a90:	00040513          	mv	a0,s0
 a94:	9cdff0ef          	jal	ra,460 <strcmp>
 a98:	02051463          	bnez	a0,ac0 <main+0x210>
 a9c:	00c12503          	lw	a0,12(sp)
 aa0:	e2050ee3          	beqz	a0,8dc <main+0x2c>
 aa4:	b41ff0ef          	jal	ra,5e4 <xtoi>
 aa8:	01051513          	slli	a0,a0,0x10
 aac:	800007b7          	lui	a5,0x80000
 ab0:	01055513          	srli	a0,a0,0x10
 ab4:	00078793          	mv	a5,a5
 ab8:	00a79423          	sh	a0,8(a5) # 80000008 <io+0x8>
 abc:	e21ff06f          	j	8dc <main+0x2c>
 ac0:	000015b7          	lui	a1,0x1
 ac4:	12058593          	addi	a1,a1,288 # 1120 <board_name+0x120>
 ac8:	00040513          	mv	a0,s0
 acc:	995ff0ef          	jal	ra,460 <strcmp>
 ad0:	02051063          	bnez	a0,af0 <main+0x240>
 ad4:	00c12503          	lw	a0,12(sp)
 ad8:	e00502e3          	beqz	a0,8dc <main+0x2c>
 adc:	aadff0ef          	jal	ra,588 <atoi>
 ae0:	800007b7          	lui	a5,0x80000
 ae4:	00078793          	mv	a5,a5
 ae8:	00a7a623          	sw	a0,12(a5) # 8000000c <io+0xc>
 aec:	df1ff06f          	j	8dc <main+0x2c>
 af0:	000015b7          	lui	a1,0x1
 af4:	12858593          	addi	a1,a1,296 # 1128 <board_name+0x128>
 af8:	00040513          	mv	a0,s0
 afc:	965ff0ef          	jal	ra,460 <strcmp>
 b00:	02051463          	bnez	a0,b28 <main+0x278>
 b04:	00c12503          	lw	a0,12(sp)
 b08:	dc050ae3          	beqz	a0,8dc <main+0x2c>
 b0c:	ad9ff0ef          	jal	ra,5e4 <xtoi>
 b10:	01051513          	slli	a0,a0,0x10
 b14:	800007b7          	lui	a5,0x80000
 b18:	01055513          	srli	a0,a0,0x10
 b1c:	00078793          	mv	a5,a5
 b20:	00a79523          	sh	a0,10(a5) # 8000000a <io+0xa>
 b24:	db9ff06f          	j	8dc <main+0x2c>
 b28:	000015b7          	lui	a1,0x1
 b2c:	13058593          	addi	a1,a1,304 # 1130 <board_name+0x130>
 b30:	00040513          	mv	a0,s0
 b34:	92dff0ef          	jal	ra,460 <strcmp>
 b38:	00051c63          	bnez	a0,b50 <main+0x2a0>
 b3c:	00c12503          	lw	a0,12(sp)
 b40:	a49ff0ef          	jal	ra,588 <atoi>
 b44:	01012503          	lw	a0,16(sp)
 b48:	a41ff0ef          	jal	ra,588 <atoi>
 b4c:	d91ff06f          	j	8dc <main+0x2c>
 b50:	000015b7          	lui	a1,0x1
 b54:	13458593          	addi	a1,a1,308 # 1134 <board_name+0x134>
 b58:	00040513          	mv	a0,s0
 b5c:	905ff0ef          	jal	ra,460 <strcmp>
 b60:	fc050ee3          	beqz	a0,b3c <main+0x28c>
 b64:	000015b7          	lui	a1,0x1
 b68:	13858593          	addi	a1,a1,312 # 1138 <board_name+0x138>
 b6c:	00040513          	mv	a0,s0
 b70:	8f1ff0ef          	jal	ra,460 <strcmp>
 b74:	00051e63          	bnez	a0,b90 <main+0x2e0>
 b78:	00c12503          	lw	a0,12(sp)
 b7c:	a0dff0ef          	jal	ra,588 <atoi>
 b80:	01012503          	lw	a0,16(sp)
 b84:	a05ff0ef          	jal	ra,588 <atoi>
 b88:	01412503          	lw	a0,20(sp)
 b8c:	fbdff06f          	j	b48 <main+0x298>
 b90:	000015b7          	lui	a1,0x1
 b94:	13c58593          	addi	a1,a1,316 # 113c <board_name+0x13c>
 b98:	00040513          	mv	a0,s0
 b9c:	8c5ff0ef          	jal	ra,460 <strcmp>
 ba0:	d2051ee3          	bnez	a0,8dc <main+0x2c>
 ba4:	00c12503          	lw	a0,12(sp)
 ba8:	000015b7          	lui	a1,0x1
 bac:	14458593          	addi	a1,a1,324 # 1144 <board_name+0x144>
 bb0:	8b1ff0ef          	jal	ra,460 <strcmp>
 bb4:	d20514e3          	bnez	a0,8dc <main+0x2c>
 bb8:	c59ff0ef          	jal	ra,810 <test_call>
 bbc:	00001537          	lui	a0,0x1
 bc0:	14c50513          	addi	a0,a0,332 # 114c <board_name+0x14c>
 bc4:	e14ff0ef          	jal	ra,1d8 <putstr>
 bc8:	d15ff06f          	j	8dc <main+0x2c>
